#
# A fatal error has been detected by the Java Runtime Environment:
#
#  Internal Error (javaClasses.cpp:129), pid=7172, tid=7844
#  fatal error: Invalid layout of preloaded class
#
# JRE version: 7.0_09-b05
# Java VM: Java HotSpot(TM) 64-Bit Server VM (23.5-b02 mixed mode windows-amd64 compressed oops)
# Failed to write core dump. Minidumps are not enabled by default on client versions of Windows
#
# If you would like to submit a bug report, please visit:
#   http://bugreport.sun.com/bugreport/crash.jsp
#

---------------  T H R E A D  ---------------

Current thread (0x0000000001d4c800):  JavaThread "Unknown thread" [_thread_in_vm, id=7844, stack(0x0000000002950000,0x0000000002a50000)]

Stack: [0x0000000002950000,0x0000000002a50000]

---------------  P R O C E S S  ---------------

Java Threads: ( => current thread )

Other Threads:

=>0x0000000001d4c800 (exited) JavaThread "Unknown thread" [_thread_in_vm, id=7844, stack(0x0000000002950000,0x0000000002a50000)]

VM state:not at safepoint (not fully initialized)

VM Mutex/Monitor currently owned by a thread: None

GC Heap History (0 events):
No events

Deoptimization events (0 events):
No events

Internal exceptions (0 events):
No events

Events (10 events):
Event: 0.008 loading class 0x00000000025d0120 done
Event: 0.008 loading class 0x0000000002592560 done
Event: 0.008 loading class 0x0000000002592530
Event: 0.008 loading class 0x0000000008f16da0
Event: 0.008 loading class 0x0000000008f16da0 done
Event: 0.008 loading class 0x0000000008f16de0
Event: 0.008 loading class 0x0000000008f16de0 done
Event: 0.008 loading class 0x0000000008e4e920
Event: 0.008 loading class 0x0000000008e4e920 done
Event: 0.009 loading class 0x0000000002592530 done


Dynamic libraries:
0x000000013fb60000 - 0x000000013fb94000 	C:\Program Files\Java\jre7\bin\javaw.exe
0x00000000777b0000 - 0x0000000077959000 	C:\Windows\SYSTEM32\ntdll.dll
0x0000000077590000 - 0x00000000776af000 	C:\Windows\system32\kernel32.dll
0x000007fefd080000 - 0x000007fefd0ec000 	C:\Windows\system32\KERNELBASE.dll
0x000007fefd1a0000 - 0x000007fefd27b000 	C:\Windows\system32\ADVAPI32.dll
0x000007fefe970000 - 0x000007fefea0f000 	C:\Windows\system32\msvcrt.dll
0x000007fefe950000 - 0x000007fefe96f000 	C:\Windows\SYSTEM32\sechost.dll
0x000007fefe6d0000 - 0x000007fefe7fd000 	C:\Windows\system32\RPCRT4.dll
0x00000000776b0000 - 0x00000000777aa000 	C:\Windows\system32\USER32.dll
0x000007fefebe0000 - 0x000007fefec47000 	C:\Windows\system32\GDI32.dll
0x000007fefd190000 - 0x000007fefd19e000 	C:\Windows\system32\LPK.dll
0x000007fefe880000 - 0x000007fefe949000 	C:\Windows\system32\USP10.dll
0x000007fefb5a0000 - 0x000007fefb794000 	C:\Windows\WinSxS\amd64_microsoft.windows.common-controls_6595b64144ccf1df_6.0.7601.17514_none_fa396087175ac9ac\COMCTL32.dll
0x000007fefeb60000 - 0x000007fefebd1000 	C:\Windows\system32\SHLWAPI.dll
0x000007fefd620000 - 0x000007fefd64e000 	C:\Windows\system32\IMM32.DLL
0x000007fefd650000 - 0x000007fefd759000 	C:\Windows\system32\MSCTF.dll
0x000007fefcd80000 - 0x000007fefcdbc000 	C:\Windows\system32\nvinitx.dll
0x000000000f000000 - 0x000000000f006000 	C:\Program Files\NVIDIA Corporation\CoProcManager\_etoured.dll
0x000007fef91a0000 - 0x000007fef91e4000 	C:\Program Files\NVIDIA Corporation\CoProcManager\nvd3d9wrapx.dll
0x000007fefe4f0000 - 0x000007fefe6c7000 	C:\Windows\system32\SETUPAPI.dll
0x000007fefce70000 - 0x000007fefcea6000 	C:\Windows\system32\CFGMGR32.dll
0x000007fefd540000 - 0x000007fefd617000 	C:\Windows\system32\OLEAUT32.dll
0x000007fefd320000 - 0x000007fefd523000 	C:\Windows\system32\ole32.dll
0x000007fefd060000 - 0x000007fefd07a000 	C:\Windows\system32\DEVOBJ.dll
0x000007fef9150000 - 0x000007fef9192000 	C:\Program Files\NVIDIA Corporation\CoProcManager\nvdxgiwrapx.dll
0x0000000064ed0000 - 0x0000000064fa1000 	C:\Program Files\Java\jre7\bin\msvcr100.dll
0x00000000647b0000 - 0x0000000064ecf000 	C:\Program Files\Java\jre7\bin\server\jvm.dll
0x000007fefaa80000 - 0x000007fefaa89000 	C:\Windows\system32\WSOCK32.dll
0x000007fefea70000 - 0x000007fefeabd000 	C:\Windows\system32\WS2_32.dll
0x000007fefd530000 - 0x000007fefd538000 	C:\Windows\system32\NSI.dll
0x000007fefa7c0000 - 0x000007fefa7fb000 	C:\Windows\system32\WINMM.dll
0x0000000077970000 - 0x0000000077977000 	C:\Windows\system32\PSAPI.DLL
0x0000000073820000 - 0x000000007382f000 	C:\Program Files\Java\jre7\bin\verify.dll
0x000000006afc0000 - 0x000000006afe8000 	C:\Program Files\Java\jre7\bin\java.dll
0x000000006af80000 - 0x000000006af95000 	C:\Program Files\Java\jre7\bin\zip.dll

VM Arguments:
jvm_args: -Dfile.encoding=Cp1252 -Xbootclasspath:R:\softwares\android-dev\adt-bundle-windows-x86_64-20131030\sdk\platforms\android-19\android.jar 
java_command: com.example.carpool.util.DisplayUIUtil
Launcher Type: SUN_STANDARD

Environment Variables:
JAVA_HOME=C:\Program Files\Java\jdk1.7.0_09
PATH=C:\Python33;C:\Python33\Script;C:\Perl64\site\bin;C:\Perl64\bin;C:\Program Files\ChemAxon\JChem\bin;C:\Program Files (x86)\NVIDIA Corporation\PhysX\Common;C:\Program Files\Common Files\Microsoft Shared\Windows Live;C:\Program Files (x86)\Common Files\Microsoft Shared\Windows Live;C:\Windows\system32;C:\Windows;C:\Windows\System32\Wbem;C:\Windows\System32\WindowsPowerShell\v1.0\;C:\Program Files (x86)\Windows Live\Shared;C:\Program Files (x86)\Common Files\Roxio Shared\DLLShared\;C:\Program Files (x86)\Common Files\Roxio Shared\OEM\DLLShared\;C:\Program Files (x86)\Common Files\Roxio Shared\OEM\DLLShared\;C:\Program Files (x86)\Common Files\Roxio Shared\OEM\12.0\DLLShared\;D:\softwares\maven\bin;C:\Program Files (x86)\Roxio\OEM\AudioCore\;C:\Program Files\MySQL\MySQL Server 5.5\bin;C:\Program Files\MiKTeX 2.9\bin;C:\Program Files\Java\jdk1.7.0_09\bin;C:\Program Files (x86)\SSH Communications Security\SSH Secure Shell
USERNAME=GOWTHAM BABUJI
OS=Windows_NT
PROCESSOR_IDENTIFIER=Intel64 Family 6 Model 42 Stepping 7, GenuineIntel



---------------  S Y S T E M  ---------------

OS: Windows 7 , 64 bit Build 7601 Service Pack 1

CPU:total 4 (2 cores per cpu, 2 threads per core) family 6 model 42 stepping 7, cmov, cx8, fxsr, mmx, sse, sse2, sse3, ssse3, sse4.1, sse4.2, popcnt, avx, ht, tsc, tscinvbit

Memory: 4k page, physical 4099248k(1237464k free), swap 8196644k(3715964k free)

vm_info: Java HotSpot(TM) 64-Bit Server VM (23.5-b02) for windows-amd64 JRE (1.7.0_09-b05), built on Sep 24 2012 21:45:04 by "java_re" with unknown MS VC++:1600

time: Wed Apr 23 16:53:59 2014
elapsed time: 0 seconds

